<?xml version="1.0" encoding="UTF-8"?>
<!-- Generated by org.testng.reporters.JUnitReportReporter -->
<testsuite hostname="DESKTOP-I0F3F42" failures="0" tests="4" name="com.sn.test.pages.SecondTestClass" time="0.022" errors="0" timestamp="2022-06-24T19:08:12 IST" skipped="0">
  <testcase classname="com.sn.test.pages.SecondTestClass" name="fTestOne" time="0.005"/>
  <system-out/>
  <testcase classname="com.sn.test.pages.SecondTestClass" name="fTestTwo" time="0.004"/>
  <system-out/>
  <testcase classname="com.sn.test.pages.SecondTestClass" name="fTestThree" time="0.004"/>
  <system-out/>
  <testcase classname="com.sn.test.pages.SecondTestClass" name="fTestFour" time="0.009"/>
  <system-out/>
</testsuite> <!-- com.sn.test.pages.SecondTestClass -->
